./include/WMS/FdoWmsCommandType.h
./include/WMS/FdoWmsOvProvider.h
./include/WMS/IGetFeatureClassCRSNames.h
./include/WMS/IGetFeatureClassStyles.h
./include/WMS/IGetImageFormats.h
./include/WMS/Override/FdoWmsOvClassCollection.h
./include/WMS/Override/FdoWmsOvClassDefinition.h
./include/WMS/Override/FdoWmsOvLayerCollection.h
./include/WMS/Override/FdoWmsOvLayerDefinition.h
./include/WMS/Override/FdoWmsOvOverrides.h
./include/WMS/Override/FdoWmsOvPhysicalSchemaMapping.h
./include/WMS/Override/FdoWmsOvRasterDefinition.h
./include/WMS/Override/FdoWmsOvStyleDefinition.h
./lib/libWMSOverrides-3.5.0.so
./lib/libWMSOverrides.la
./lib/libWMSOverrides.so
./lib/libWMSProvider-3.5.0.so
./lib/libWMSProvider.la
./lib/libWMSProvider.so
./nls/FdoWmsMessage.cat
